2016-11-27 16:21:13,129 ERROR [main] - System.err - [org.eclipse.jdt.launching] error can't determine modifiers of missing type org.eclipse.pde.internal.ui.wizards.imports.PluginImportHelper
when weaving type org.eclipse.jdt.launching.JavaRuntime
when weaving classes 
when weaving 
 [Xlint:cantFindType]
2016-11-27 16:21:25,498  WARN [ModalContext] - ScalaProject - Project pruebaExperto has platform default sourceLevel.
2016-11-27 16:21:25,507  WARN [ModalContext] - ScalaProject - Project pruebaExperto runs on platform default installation.
2016-11-27 16:21:31,939  WARN [Worker-4] - ScalaProject - Project pruebaExperto has platform default sourceLevel.
2016-11-27 16:21:31,940  WARN [Worker-4] - ScalaProject - Project pruebaExperto runs on platform default installation.
2016-11-27 16:22:09,278  WARN [Worker-14] - ScalaProject - Project pruebaExperto has platform default sourceLevel.
2016-11-27 16:22:09,278  WARN [Worker-14] - ScalaProject - Project pruebaExperto runs on platform default installation.
2016-11-27 16:22:09,821  WARN [Java indexing] - ScalaProject - Project pruebaExperto has platform default sourceLevel.
2016-11-27 16:22:09,821  WARN [Java indexing] - ScalaProject - Project pruebaExperto runs on platform default installation.
2016-11-27 16:22:14,538 ERROR [main] - System.err - [org.eclipse.jdt.debug] error can't determine modifiers of missing type org.eclipse.pde.internal.ui.wizards.imports.PluginImportHelper
when weaving type org.eclipse.jdt.debug.core.IJavaLineBreakpoint
when weaving classes 
when weaving 
 [Xlint:cantFindType]
2016-11-27 16:22:27,150 ERROR [main] - System.err - [org.eclipse.jdt.debug.ui] error can't determine modifiers of missing type org.eclipse.pde.internal.ui.wizards.imports.PluginImportHelper
when weaving type org.eclipse.jdt.debug.ui.launchConfigurations.JavaMainTab
when weaving classes 
when weaving 
 [Xlint:cantFindType]
2016-11-27 16:23:20,155  WARN [Worker-5] - ScalaProject - Project pruebaExperto has platform default sourceLevel.
2016-11-27 16:23:20,156  WARN [Worker-5] - ScalaProject - Project pruebaExperto runs on platform default installation.
2016-11-27 16:25:16,337  WARN [Worker-13] - ScalaProject - Project pruebaExperto has platform default sourceLevel.
2016-11-27 16:25:16,338  WARN [Worker-13] - ScalaProject - Project pruebaExperto runs on platform default installation.
2016-11-27 16:28:54,133 ERROR [main] - System.err - [org.eclipse.jdt.junit] error can't determine modifiers of missing type org.eclipse.pde.internal.ui.wizards.imports.PluginImportHelper
when weaving type org.eclipse.jdt.internal.junit.ui.JUnitQuickFixProcessor
when weaving classes 
when weaving 
 [Xlint:cantFindType]
2016-11-27 16:29:11,852  WARN [Worker-7] - ScalaProject - Project pruebaExperto has platform default sourceLevel.
2016-11-27 16:29:11,852  WARN [Worker-7] - ScalaProject - Project pruebaExperto runs on platform default installation.
2016-11-27 16:29:20,681 ERROR [Text Viewer Hover Presenter] - IScalaPresentationCompiler$ - Ignoring InterruptException
2016-11-27 16:29:20,681 ERROR [Text Viewer Hover Presenter] - IScalaPresentationCompiler$ - Ignoring InterruptException
2016-11-27 16:29:20,682 ERROR [Text Viewer Hover Presenter] - IScalaPresentationCompiler$ - Ignoring InterruptException
2016-11-27 16:29:22,961  WARN [Worker-18] - ScalaProject - Project pruebaExperto has platform default sourceLevel.
2016-11-27 16:29:22,961  WARN [Worker-18] - ScalaProject - Project pruebaExperto runs on platform default installation.
2016-11-27 16:29:31,520  WARN [Worker-7] - ScalaProject - Project pruebaExperto has platform default sourceLevel.
2016-11-27 16:29:31,521  WARN [Worker-7] - ScalaProject - Project pruebaExperto runs on platform default installation.
2016-11-27 16:29:59,241  WARN [Worker-3] - ScalaProject - Project pruebaExperto has platform default sourceLevel.
2016-11-27 16:29:59,241  WARN [Worker-3] - ScalaProject - Project pruebaExperto runs on platform default installation.
2016-11-27 16:32:41,916  WARN [Worker-9] - ScalaProject - Project pruebaExperto has platform default sourceLevel.
2016-11-27 16:32:41,917  WARN [Worker-9] - ScalaProject - Project pruebaExperto runs on platform default installation.
2016-11-27 16:33:57,302  WARN [Worker-9] - ScalaProject - Project pruebaExperto has platform default sourceLevel.
2016-11-27 16:33:57,302  WARN [Worker-9] - ScalaProject - Project pruebaExperto runs on platform default installation.
2016-11-27 16:34:51,105  WARN [Worker-19] - ScalaProject - Project pruebaExperto has platform default sourceLevel.
2016-11-27 16:34:51,105  WARN [Worker-19] - ScalaProject - Project pruebaExperto runs on platform default installation.
2016-11-27 16:35:18,660  WARN [Worker-3] - ScalaProject - Project pruebaExperto has platform default sourceLevel.
2016-11-27 16:35:18,660  WARN [Worker-3] - ScalaProject - Project pruebaExperto runs on platform default installation.
2016-11-27 16:35:30,348  WARN [Worker-3] - ScalaProject - Project pruebaExperto has platform default sourceLevel.
2016-11-27 16:35:30,349  WARN [Worker-3] - ScalaProject - Project pruebaExperto runs on platform default installation.
2016-11-27 16:35:40,370  WARN [Worker-19] - ScalaProject - Project pruebaExperto has platform default sourceLevel.
2016-11-27 16:35:40,371  WARN [Worker-19] - ScalaProject - Project pruebaExperto runs on platform default installation.
2016-11-27 16:36:34,802  WARN [Worker-22] - ScalaProject - Project pruebaExperto has platform default sourceLevel.
2016-11-27 16:36:34,803  WARN [Worker-22] - ScalaProject - Project pruebaExperto runs on platform default installation.
2016-11-27 16:36:39,617  WARN [Worker-21] - ScalaProject - Project pruebaExperto has platform default sourceLevel.
2016-11-27 16:36:39,617  WARN [Worker-21] - ScalaProject - Project pruebaExperto runs on platform default installation.
2016-11-27 16:37:35,143  WARN [Worker-3] - ScalaProject - Project pruebaExperto has platform default sourceLevel.
2016-11-27 16:37:35,143  WARN [Worker-3] - ScalaProject - Project pruebaExperto runs on platform default installation.
2016-11-27 16:38:33,390  WARN [Worker-21] - ScalaProject - Project pruebaExperto has platform default sourceLevel.
2016-11-27 16:38:33,390  WARN [Worker-21] - ScalaProject - Project pruebaExperto runs on platform default installation.
2016-11-27 16:39:01,774  WARN [Worker-21] - ScalaProject - Project pruebaExperto has platform default sourceLevel.
2016-11-27 16:39:01,774  WARN [Worker-21] - ScalaProject - Project pruebaExperto runs on platform default installation.
2016-11-27 16:39:31,877 ERROR [Text Viewer Hover Presenter] - IScalaPresentationCompiler$ - Ignoring InterruptException
2016-11-27 16:39:31,877 ERROR [Text Viewer Hover Presenter] - IScalaPresentationCompiler$ - Ignoring InterruptException
2016-11-27 16:39:31,877 ERROR [Text Viewer Hover Presenter] - IScalaPresentationCompiler$ - Ignoring InterruptException
2016-11-27 16:39:32,540  WARN [Worker-19] - ScalaProject - Project pruebaExperto has platform default sourceLevel.
2016-11-27 16:39:32,541  WARN [Worker-19] - ScalaProject - Project pruebaExperto runs on platform default installation.
2016-11-27 16:40:33,169  WARN [Worker-3] - ScalaProject - Project pruebaExperto has platform default sourceLevel.
2016-11-27 16:40:33,169  WARN [Worker-3] - ScalaProject - Project pruebaExperto runs on platform default installation.
2016-11-27 16:40:44,379  WARN [Worker-25] - ScalaProject - Project pruebaExperto has platform default sourceLevel.
2016-11-27 16:40:44,379  WARN [Worker-25] - ScalaProject - Project pruebaExperto runs on platform default installation.
2016-11-27 16:41:36,370  WARN [Worker-3] - ScalaProject - Project pruebaExperto has platform default sourceLevel.
2016-11-27 16:41:36,371  WARN [Worker-3] - ScalaProject - Project pruebaExperto runs on platform default installation.
2016-11-27 16:41:47,298  WARN [Worker-28] - ScalaProject - Project pruebaExperto has platform default sourceLevel.
2016-11-27 16:41:47,298  WARN [Worker-28] - ScalaProject - Project pruebaExperto runs on platform default installation.
2016-11-27 16:42:29,242  WARN [Worker-26] - ScalaProject - Project pruebaExperto has platform default sourceLevel.
2016-11-27 16:42:29,242  WARN [Worker-26] - ScalaProject - Project pruebaExperto runs on platform default installation.
2016-11-27 16:45:40,097  WARN [Worker-26] - ScalaProject - Project pruebaExperto has platform default sourceLevel.
2016-11-27 16:45:40,097  WARN [Worker-26] - ScalaProject - Project pruebaExperto runs on platform default installation.
2016-11-27 16:46:30,942  WARN [Worker-29] - ScalaProject - Project pruebaExperto has platform default sourceLevel.
2016-11-27 16:46:30,943  WARN [Worker-29] - ScalaProject - Project pruebaExperto runs on platform default installation.
2016-11-27 16:46:46,574  WARN [Worker-26] - ScalaProject - Project pruebaExperto has platform default sourceLevel.
2016-11-27 16:46:46,574  WARN [Worker-26] - ScalaProject - Project pruebaExperto runs on platform default installation.
2016-11-27 16:47:16,420  WARN [Worker-28] - ScalaProject - Project pruebaExperto has platform default sourceLevel.
2016-11-27 16:47:16,420  WARN [Worker-28] - ScalaProject - Project pruebaExperto runs on platform default installation.
2016-11-27 16:48:17,384  WARN [Worker-26] - ScalaProject - Project pruebaExperto has platform default sourceLevel.
2016-11-27 16:48:17,384  WARN [Worker-26] - ScalaProject - Project pruebaExperto runs on platform default installation.
2016-11-27 16:48:24,968  WARN [Worker-31] - ScalaProject - Project pruebaExperto has platform default sourceLevel.
2016-11-27 16:48:24,968  WARN [Worker-31] - ScalaProject - Project pruebaExperto runs on platform default installation.
2016-11-27 16:49:37,293  WARN [Worker-26] - ScalaProject - Project pruebaExperto has platform default sourceLevel.
2016-11-27 16:49:37,293  WARN [Worker-26] - ScalaProject - Project pruebaExperto runs on platform default installation.
2016-11-27 16:50:00,204  WARN [Worker-27] - ScalaProject - Project pruebaExperto has platform default sourceLevel.
2016-11-27 16:50:00,204  WARN [Worker-27] - ScalaProject - Project pruebaExperto runs on platform default installation.
2016-11-27 16:51:14,677  WARN [Worker-3] - ScalaProject - Project pruebaExperto has platform default sourceLevel.
2016-11-27 16:51:14,677  WARN [Worker-3] - ScalaProject - Project pruebaExperto runs on platform default installation.
2016-11-27 16:51:23,178  WARN [Worker-28] - ScalaProject - Project pruebaExperto has platform default sourceLevel.
2016-11-27 16:51:23,179  WARN [Worker-28] - ScalaProject - Project pruebaExperto runs on platform default installation.
2016-11-27 16:52:18,691  WARN [Worker-30] - ScalaProject - Project pruebaExperto has platform default sourceLevel.
2016-11-27 16:52:18,691  WARN [Worker-30] - ScalaProject - Project pruebaExperto runs on platform default installation.
2016-11-27 16:52:33,937  WARN [Worker-30] - ScalaProject - Project pruebaExperto has platform default sourceLevel.
2016-11-27 16:52:33,937  WARN [Worker-30] - ScalaProject - Project pruebaExperto runs on platform default installation.
2016-11-27 16:54:27,143  WARN [Worker-28] - ScalaProject - Project pruebaExperto has platform default sourceLevel.
2016-11-27 16:54:27,143  WARN [Worker-28] - ScalaProject - Project pruebaExperto runs on platform default installation.
2016-11-27 16:54:40,199  WARN [Worker-28] - ScalaProject - Project pruebaExperto has platform default sourceLevel.
2016-11-27 16:54:40,200  WARN [Worker-28] - ScalaProject - Project pruebaExperto runs on platform default installation.
2016-11-27 16:55:59,583  WARN [Worker-34] - ScalaProject - Project pruebaExperto has platform default sourceLevel.
2016-11-27 16:55:59,583  WARN [Worker-34] - ScalaProject - Project pruebaExperto runs on platform default installation.
2016-11-27 16:57:52,092  WARN [Worker-30] - ScalaProject - Project pruebaExperto has platform default sourceLevel.
2016-11-27 16:57:52,092  WARN [Worker-30] - ScalaProject - Project pruebaExperto runs on platform default installation.
2016-11-27 16:59:00,190  WARN [Worker-32] - ScalaProject - Project pruebaExperto has platform default sourceLevel.
2016-11-27 16:59:00,190  WARN [Worker-32] - ScalaProject - Project pruebaExperto runs on platform default installation.
2016-11-27 16:59:10,310  WARN [Worker-32] - ScalaProject - Project pruebaExperto has platform default sourceLevel.
2016-11-27 16:59:10,311  WARN [Worker-32] - ScalaProject - Project pruebaExperto runs on platform default installation.
2016-11-27 16:59:56,423  WARN [Worker-32] - ScalaProject - Project pruebaExperto has platform default sourceLevel.
2016-11-27 16:59:56,428  WARN [Worker-32] - ScalaProject - Project pruebaExperto runs on platform default installation.
2016-11-27 17:00:14,559  WARN [Worker-34] - ScalaProject - Project pruebaExperto has platform default sourceLevel.
2016-11-27 17:00:14,560  WARN [Worker-34] - ScalaProject - Project pruebaExperto runs on platform default installation.
2016-11-27 17:00:59,863  WARN [Worker-30] - ScalaProject - Project pruebaExperto has platform default sourceLevel.
2016-11-27 17:00:59,864  WARN [Worker-30] - ScalaProject - Project pruebaExperto runs on platform default installation.
2016-11-27 17:01:12,673  WARN [Worker-30] - ScalaProject - Project pruebaExperto has platform default sourceLevel.
2016-11-27 17:01:12,673  WARN [Worker-30] - ScalaProject - Project pruebaExperto runs on platform default installation.
2016-11-27 17:01:56,797  WARN [Worker-30] - ScalaProject - Project pruebaExperto has platform default sourceLevel.
2016-11-27 17:01:56,797  WARN [Worker-30] - ScalaProject - Project pruebaExperto runs on platform default installation.
2016-11-27 17:06:02,537  WARN [Worker-36] - ScalaProject - Project pruebaExperto has platform default sourceLevel.
2016-11-27 17:06:02,538  WARN [Worker-36] - ScalaProject - Project pruebaExperto runs on platform default installation.
2016-11-27 17:07:03,410  WARN [Worker-37] - ScalaProject - Project pruebaExperto has platform default sourceLevel.
2016-11-27 17:07:03,410  WARN [Worker-37] - ScalaProject - Project pruebaExperto runs on platform default installation.
2016-11-27 17:07:58,989  WARN [Worker-36] - ScalaProject - Project pruebaExperto has platform default sourceLevel.
2016-11-27 17:07:58,989  WARN [Worker-36] - ScalaProject - Project pruebaExperto runs on platform default installation.
2016-11-27 17:08:49,394  WARN [Worker-38] - ScalaProject - Project pruebaExperto has platform default sourceLevel.
2016-11-27 17:08:49,394  WARN [Worker-38] - ScalaProject - Project pruebaExperto runs on platform default installation.
2016-11-27 17:09:58,653  WARN [Worker-40] - ScalaProject - Project pruebaExperto has platform default sourceLevel.
2016-11-27 17:09:58,653  WARN [Worker-40] - ScalaProject - Project pruebaExperto runs on platform default installation.
2016-11-27 17:11:12,353  WARN [Worker-42] - ScalaProject - Project pruebaExperto has platform default sourceLevel.
2016-11-27 17:11:12,353  WARN [Worker-42] - ScalaProject - Project pruebaExperto runs on platform default installation.
2016-11-27 17:13:55,127  WARN [Worker-42] - ScalaProject - Project pruebaExperto has platform default sourceLevel.
2016-11-27 17:13:55,128  WARN [Worker-42] - ScalaProject - Project pruebaExperto runs on platform default installation.
2016-11-27 17:14:14,242  WARN [Worker-42] - ScalaProject - Project pruebaExperto has platform default sourceLevel.
2016-11-27 17:14:14,243  WARN [Worker-42] - ScalaProject - Project pruebaExperto runs on platform default installation.
2016-11-27 17:15:00,225  WARN [Worker-38] - ScalaProject - Project pruebaExperto has platform default sourceLevel.
2016-11-27 17:15:00,226  WARN [Worker-38] - ScalaProject - Project pruebaExperto runs on platform default installation.
2016-11-27 17:15:21,960  WARN [Worker-45] - ScalaProject - Project pruebaExperto has platform default sourceLevel.
2016-11-27 17:15:21,960  WARN [Worker-45] - ScalaProject - Project pruebaExperto runs on platform default installation.
2016-11-27 17:18:04,483  WARN [Worker-43] - ScalaProject - Project pruebaExperto has platform default sourceLevel.
2016-11-27 17:18:04,483  WARN [Worker-43] - ScalaProject - Project pruebaExperto runs on platform default installation.
2016-11-27 17:19:04,519  WARN [Worker-46] - ScalaProject - Project pruebaExperto has platform default sourceLevel.
2016-11-27 17:19:04,519  WARN [Worker-46] - ScalaProject - Project pruebaExperto runs on platform default installation.
2016-11-27 17:19:10,471  WARN [Worker-46] - ScalaProject - Project pruebaExperto has platform default sourceLevel.
2016-11-27 17:19:10,471  WARN [Worker-46] - ScalaProject - Project pruebaExperto runs on platform default installation.
2016-11-27 17:22:25,203  WARN [Worker-42] - ScalaProject - Project pruebaExperto has platform default sourceLevel.
2016-11-27 17:22:25,204  WARN [Worker-42] - ScalaProject - Project pruebaExperto runs on platform default installation.
2016-11-27 17:22:36,132 ERROR [Text Viewer Hover Presenter] - IScalaPresentationCompiler$ - Ignoring InterruptException
2016-11-27 17:22:36,132 ERROR [Text Viewer Hover Presenter] - IScalaPresentationCompiler$ - Ignoring InterruptException
2016-11-27 17:22:38,694  WARN [Worker-48] - ScalaProject - Project pruebaExperto has platform default sourceLevel.
2016-11-27 17:22:38,694  WARN [Worker-48] - ScalaProject - Project pruebaExperto runs on platform default installation.
2016-11-27 17:23:19,679  WARN [Worker-43] - ScalaProject - Project pruebaExperto has platform default sourceLevel.
2016-11-27 17:23:19,679  WARN [Worker-43] - ScalaProject - Project pruebaExperto runs on platform default installation.
2016-11-27 17:23:27,013  WARN [Worker-43] - ScalaProject - Project pruebaExperto has platform default sourceLevel.
2016-11-27 17:23:27,013  WARN [Worker-43] - ScalaProject - Project pruebaExperto runs on platform default installation.
2016-11-27 17:23:47,013  WARN [Worker-45] - ScalaProject - Project pruebaExperto has platform default sourceLevel.
2016-11-27 17:23:47,013  WARN [Worker-45] - ScalaProject - Project pruebaExperto runs on platform default installation.
2016-11-27 17:24:09,927  WARN [Worker-42] - ScalaProject - Project pruebaExperto has platform default sourceLevel.
2016-11-27 17:24:09,927  WARN [Worker-42] - ScalaProject - Project pruebaExperto runs on platform default installation.
2016-11-27 17:34:37,113  WARN [Worker-45] - ScalaProject - Project pruebaExperto has platform default sourceLevel.
2016-11-27 17:34:37,114  WARN [Worker-45] - ScalaProject - Project pruebaExperto runs on platform default installation.
2016-11-27 17:38:49,470  WARN [Worker-54] - ScalaProject - Project pruebaExperto has platform default sourceLevel.
2016-11-27 17:38:49,470  WARN [Worker-54] - ScalaProject - Project pruebaExperto runs on platform default installation.
2016-11-27 17:39:16,877  WARN [Worker-54] - ScalaProject - Project pruebaExperto has platform default sourceLevel.
2016-11-27 17:39:16,877  WARN [Worker-54] - ScalaProject - Project pruebaExperto runs on platform default installation.
2016-11-27 17:39:20,732  WARN [Worker-50] - ScalaProject - Project pruebaExperto has platform default sourceLevel.
2016-11-27 17:39:20,732  WARN [Worker-50] - ScalaProject - Project pruebaExperto runs on platform default installation.
2016-11-27 17:40:14,890  WARN [Worker-55] - ScalaProject - Project pruebaExperto has platform default sourceLevel.
2016-11-27 17:40:14,890  WARN [Worker-55] - ScalaProject - Project pruebaExperto runs on platform default installation.
2016-11-27 17:41:31,415  WARN [Worker-55] - ScalaProject - Project pruebaExperto has platform default sourceLevel.
2016-11-27 17:41:31,416  WARN [Worker-55] - ScalaProject - Project pruebaExperto runs on platform default installation.
2016-11-27 17:41:37,193  WARN [Worker-55] - ScalaProject - Project pruebaExperto has platform default sourceLevel.
2016-11-27 17:41:37,194  WARN [Worker-55] - ScalaProject - Project pruebaExperto runs on platform default installation.
2016-11-27 17:41:45,429  WARN [Worker-53] - ScalaProject - Project pruebaExperto has platform default sourceLevel.
2016-11-27 17:41:45,429  WARN [Worker-53] - ScalaProject - Project pruebaExperto runs on platform default installation.
2016-11-27 17:47:04,711  WARN [Worker-50] - ScalaProject - Project pruebaExperto has platform default sourceLevel.
2016-11-27 17:47:04,711  WARN [Worker-50] - ScalaProject - Project pruebaExperto runs on platform default installation.
2016-11-27 17:47:54,840  WARN [Worker-58] - ScalaProject - Project pruebaExperto has platform default sourceLevel.
2016-11-27 17:47:54,840  WARN [Worker-58] - ScalaProject - Project pruebaExperto runs on platform default installation.
2016-11-27 17:53:59,224  WARN [Worker-56] - ScalaProject - Project pruebaExperto has platform default sourceLevel.
2016-11-27 17:53:59,224  WARN [Worker-56] - ScalaProject - Project pruebaExperto runs on platform default installation.
2016-11-27 17:54:12,638  WARN [Worker-56] - ScalaProject - Project pruebaExperto has platform default sourceLevel.
2016-11-27 17:54:12,639  WARN [Worker-56] - ScalaProject - Project pruebaExperto runs on platform default installation.
2016-11-27 17:55:09,206  WARN [Worker-58] - ScalaProject - Project pruebaExperto has platform default sourceLevel.
2016-11-27 17:55:09,206  WARN [Worker-58] - ScalaProject - Project pruebaExperto runs on platform default installation.
2016-11-27 17:55:13,569  WARN [Worker-59] - ScalaProject - Project pruebaExperto has platform default sourceLevel.
2016-11-27 17:55:13,569  WARN [Worker-59] - ScalaProject - Project pruebaExperto runs on platform default installation.
2016-11-27 17:57:45,256  WARN [Worker-60] - ScalaProject - Project pruebaExperto has platform default sourceLevel.
2016-11-27 17:57:45,257  WARN [Worker-60] - ScalaProject - Project pruebaExperto runs on platform default installation.
2016-11-27 17:58:03,638  WARN [Worker-62] - ScalaProject - Project pruebaExperto has platform default sourceLevel.
2016-11-27 17:58:03,638  WARN [Worker-62] - ScalaProject - Project pruebaExperto runs on platform default installation.
2016-11-27 17:58:36,048  WARN [Worker-62] - ScalaProject - Project pruebaExperto has platform default sourceLevel.
2016-11-27 17:58:36,049  WARN [Worker-62] - ScalaProject - Project pruebaExperto runs on platform default installation.
2016-11-27 18:01:05,444  WARN [Worker-58] - ScalaProject - Project pruebaExperto has platform default sourceLevel.
2016-11-27 18:01:05,444  WARN [Worker-58] - ScalaProject - Project pruebaExperto runs on platform default installation.
2016-11-27 18:01:15,415  WARN [Worker-62] - ScalaProject - Project pruebaExperto has platform default sourceLevel.
2016-11-27 18:01:15,416  WARN [Worker-62] - ScalaProject - Project pruebaExperto runs on platform default installation.
2016-11-27 18:07:25,800  WARN [Worker-58] - ScalaProject - Project pruebaExperto has platform default sourceLevel.
2016-11-27 18:07:25,800  WARN [Worker-58] - ScalaProject - Project pruebaExperto runs on platform default installation.
2016-11-27 18:08:02,436  WARN [Worker-65] - ScalaProject - Project pruebaExperto has platform default sourceLevel.
2016-11-27 18:08:02,436  WARN [Worker-65] - ScalaProject - Project pruebaExperto runs on platform default installation.
2016-11-27 18:08:23,551  WARN [Worker-65] - ScalaProject - Project pruebaExperto has platform default sourceLevel.
2016-11-27 18:08:23,551  WARN [Worker-65] - ScalaProject - Project pruebaExperto runs on platform default installation.
2016-11-27 18:08:33,744  WARN [Worker-62] - ScalaProject - Project pruebaExperto has platform default sourceLevel.
2016-11-27 18:08:33,744  WARN [Worker-62] - ScalaProject - Project pruebaExperto runs on platform default installation.
2016-11-27 18:08:50,636  WARN [Worker-65] - ScalaProject - Project pruebaExperto has platform default sourceLevel.
2016-11-27 18:08:50,636  WARN [Worker-65] - ScalaProject - Project pruebaExperto runs on platform default installation.
2016-11-27 18:09:10,245  WARN [Worker-65] - ScalaProject - Project pruebaExperto has platform default sourceLevel.
2016-11-27 18:09:10,245  WARN [Worker-65] - ScalaProject - Project pruebaExperto runs on platform default installation.
2016-11-27 18:09:25,267  WARN [Worker-58] - ScalaProject - Project pruebaExperto has platform default sourceLevel.
2016-11-27 18:09:25,267  WARN [Worker-58] - ScalaProject - Project pruebaExperto runs on platform default installation.
2016-11-27 18:09:32,408  WARN [Worker-63] - ScalaProject - Project pruebaExperto has platform default sourceLevel.
2016-11-27 18:09:32,408  WARN [Worker-63] - ScalaProject - Project pruebaExperto runs on platform default installation.
2016-11-27 18:10:45,337  WARN [Worker-58] - ScalaProject - Project pruebaExperto has platform default sourceLevel.
2016-11-27 18:10:45,337  WARN [Worker-58] - ScalaProject - Project pruebaExperto runs on platform default installation.
2016-11-27 18:10:53,703  WARN [Worker-58] - ScalaProject - Project pruebaExperto has platform default sourceLevel.
2016-11-27 18:10:53,703  WARN [Worker-58] - ScalaProject - Project pruebaExperto runs on platform default installation.
2016-11-27 18:11:45,688  WARN [Worker-67] - ScalaProject - Project pruebaExperto has platform default sourceLevel.
2016-11-27 18:11:45,688  WARN [Worker-67] - ScalaProject - Project pruebaExperto runs on platform default installation.
2016-11-27 18:14:09,942  WARN [Worker-67] - ScalaProject - Project pruebaExperto has platform default sourceLevel.
2016-11-27 18:14:09,942  WARN [Worker-67] - ScalaProject - Project pruebaExperto runs on platform default installation.
2016-11-27 18:16:37,462  WARN [Worker-58] - ScalaProject - Project pruebaExperto has platform default sourceLevel.
2016-11-27 18:16:37,462  WARN [Worker-58] - ScalaProject - Project pruebaExperto runs on platform default installation.
2016-11-27 18:22:30,411  WARN [Worker-66] - ScalaProject - Project pruebaExperto has platform default sourceLevel.
2016-11-27 18:22:30,412  WARN [Worker-66] - ScalaProject - Project pruebaExperto runs on platform default installation.
2016-11-27 18:22:44,890  WARN [Worker-69] - ScalaProject - Project pruebaExperto has platform default sourceLevel.
2016-11-27 18:22:44,890  WARN [Worker-69] - ScalaProject - Project pruebaExperto runs on platform default installation.
2016-11-27 18:23:11,397  WARN [Worker-70] - ScalaProject - Project pruebaExperto has platform default sourceLevel.
2016-11-27 18:23:11,397  WARN [Worker-70] - ScalaProject - Project pruebaExperto runs on platform default installation.
2016-11-27 18:23:54,611  WARN [Worker-69] - ScalaProject - Project pruebaExperto has platform default sourceLevel.
2016-11-27 18:23:54,611  WARN [Worker-69] - ScalaProject - Project pruebaExperto runs on platform default installation.
2016-11-27 18:25:44,503  WARN [Worker-68] - ScalaProject - Project pruebaExperto has platform default sourceLevel.
2016-11-27 18:25:44,503  WARN [Worker-68] - ScalaProject - Project pruebaExperto runs on platform default installation.
2016-11-27 18:26:32,822  WARN [Worker-67] - ScalaProject - Project pruebaExperto has platform default sourceLevel.
2016-11-27 18:26:32,823  WARN [Worker-67] - ScalaProject - Project pruebaExperto runs on platform default installation.
2016-11-27 18:28:54,685  WARN [Worker-70] - ScalaProject - Project pruebaExperto has platform default sourceLevel.
2016-11-27 18:28:54,685  WARN [Worker-70] - ScalaProject - Project pruebaExperto runs on platform default installation.
2016-11-27 18:32:08,709  WARN [Worker-69] - ScalaProject - Project pruebaExperto has platform default sourceLevel.
2016-11-27 18:32:08,709  WARN [Worker-69] - ScalaProject - Project pruebaExperto runs on platform default installation.
2016-11-27 18:32:54,252  WARN [Worker-69] - ScalaProject - Project pruebaExperto has platform default sourceLevel.
2016-11-27 18:32:54,253  WARN [Worker-69] - ScalaProject - Project pruebaExperto runs on platform default installation.
2016-11-27 18:33:10,200 ERROR [Text Viewer Hover Presenter] - IScalaPresentationCompiler$ - Ignoring InterruptException
2016-11-27 18:33:10,200 ERROR [Text Viewer Hover Presenter] - IScalaPresentationCompiler$ - Ignoring InterruptException
2016-11-27 18:33:10,200 ERROR [Text Viewer Hover Presenter] - IScalaPresentationCompiler$ - Ignoring InterruptException
2016-11-27 18:33:11,872  WARN [Worker-67] - ScalaProject - Project pruebaExperto has platform default sourceLevel.
2016-11-27 18:33:11,873  WARN [Worker-67] - ScalaProject - Project pruebaExperto runs on platform default installation.
2016-11-27 18:33:30,189  WARN [Worker-69] - ScalaProject - Project pruebaExperto has platform default sourceLevel.
2016-11-27 18:33:30,189  WARN [Worker-69] - ScalaProject - Project pruebaExperto runs on platform default installation.
2016-11-27 18:34:01,214  WARN [Worker-68] - ScalaProject - Project pruebaExperto has platform default sourceLevel.
2016-11-27 18:34:01,215  WARN [Worker-68] - ScalaProject - Project pruebaExperto runs on platform default installation.
2016-11-27 18:34:23,601  WARN [Worker-70] - ScalaProject - Project pruebaExperto has platform default sourceLevel.
2016-11-27 18:34:23,601  WARN [Worker-70] - ScalaProject - Project pruebaExperto runs on platform default installation.
2016-11-27 18:37:22,820  WARN [Worker-67] - ScalaProject - Project pruebaExperto has platform default sourceLevel.
2016-11-27 18:37:22,820  WARN [Worker-67] - ScalaProject - Project pruebaExperto runs on platform default installation.
2016-11-27 18:43:59,886  WARN [org.scalaide.ui.internal.reconciliation.ScalaReconciler] - TraverserImpl$ - Skipping annotation, position length = 0, position offset = 1354
2016-11-27 18:44:05,116  WARN [org.scalaide.ui.internal.reconciliation.ScalaReconciler] - TraverserImpl$ - Skipping annotation, position length = 0, position offset = 1371
2016-11-27 18:44:08,709  WARN [org.scalaide.ui.internal.reconciliation.ScalaReconciler] - TraverserImpl$ - Skipping annotation, position length = 0, position offset = 1376
2016-11-27 18:44:11,036  WARN [org.scalaide.ui.internal.reconciliation.ScalaReconciler] - TraverserImpl$ - Skipping annotation, position length = 0, position offset = 1380
2016-11-27 18:44:11,542  WARN [Worker-76] - ScalaProject - Project pruebaExperto has platform default sourceLevel.
2016-11-27 18:44:11,542  WARN [Worker-76] - ScalaProject - Project pruebaExperto runs on platform default installation.
2016-11-27 18:44:12,314  WARN [org.scalaide.ui.internal.reconciliation.ScalaReconciler] - TraverserImpl$ - Skipping annotation, position length = 0, position offset = 1381
2016-11-27 18:44:14,481  WARN [Worker-77] - ScalaProject - Project pruebaExperto has platform default sourceLevel.
2016-11-27 18:44:14,481  WARN [Worker-77] - ScalaProject - Project pruebaExperto runs on platform default installation.
2016-11-27 18:45:16,896  WARN [Worker-68] - ScalaProject - Project pruebaExperto has platform default sourceLevel.
2016-11-27 18:45:16,896  WARN [Worker-68] - ScalaProject - Project pruebaExperto runs on platform default installation.
2016-11-27 18:50:04,564  WARN [Worker-77] - ScalaProject - Project pruebaExperto has platform default sourceLevel.
2016-11-27 18:50:04,565  WARN [Worker-77] - ScalaProject - Project pruebaExperto runs on platform default installation.
2016-11-27 18:50:21,622  WARN [Worker-67] - ScalaProject - Project pruebaExperto has platform default sourceLevel.
2016-11-27 18:50:21,622  WARN [Worker-67] - ScalaProject - Project pruebaExperto runs on platform default installation.
2016-11-27 18:50:26,302  WARN [Worker-76] - ScalaProject - Project pruebaExperto has platform default sourceLevel.
2016-11-27 18:50:26,302  WARN [Worker-76] - ScalaProject - Project pruebaExperto runs on platform default installation.
2016-11-27 18:55:28,894  WARN [Worker-79] - ScalaProject - Project pruebaExperto has platform default sourceLevel.
2016-11-27 18:55:28,894  WARN [Worker-79] - ScalaProject - Project pruebaExperto runs on platform default installation.
2016-11-28 16:47:12,221  WARN [main] - ScalaProject - Project pruebaExperto has platform default sourceLevel.
2016-11-28 16:47:12,226  WARN [main] - ScalaProject - Project pruebaExperto runs on platform default installation.
2016-11-28 16:47:12,243  WARN [main] - ScalaProject - Project pruebaExperto has platform default sourceLevel.
2016-11-28 16:47:12,244  WARN [main] - ScalaProject - Project pruebaExperto runs on platform default installation.
2016-11-28 16:47:12,377 ERROR [main] - System.err - [org.eclipse.jdt.launching] error can't determine modifiers of missing type org.eclipse.pde.internal.ui.wizards.imports.PluginImportHelper
when weaving type org.eclipse.jdt.internal.launching.JREContainerInitializer
when weaving classes 
when weaving 
 [Xlint:cantFindType]
2016-11-28 16:47:40,288 ERROR [main] - System.err - [org.eclipse.jdt.debug.ui] error can't determine modifiers of missing type org.eclipse.pde.internal.ui.wizards.imports.PluginImportHelper
when weaving type org.eclipse.jdt.internal.debug.ui.actions.ToggleBreakpointAdapter
when weaving classes 
when weaving 
 [Xlint:cantFindType]
2016-11-28 16:47:40,640 ERROR [main] - System.err - [org.eclipse.jdt.debug] error can't determine modifiers of missing type org.eclipse.pde.internal.ui.wizards.imports.PluginImportHelper
when weaving type org.eclipse.jdt.debug.core.IJavaHotCodeReplaceListener
when weaving classes 
when weaving 
 [Xlint:cantFindType]
2016-11-28 17:35:43,688  WARN [main] - ScalaProject - Project pruebaExperto has platform default sourceLevel.
2016-11-28 17:35:43,689  WARN [main] - ScalaProject - Project pruebaExperto runs on platform default installation.
2016-11-28 17:35:43,698  WARN [main] - ScalaProject - Project pruebaExperto has platform default sourceLevel.
2016-11-28 17:35:43,700  WARN [main] - ScalaProject - Project pruebaExperto runs on platform default installation.
2016-11-28 17:35:43,773 ERROR [main] - System.err - [org.eclipse.jdt.launching] error can't determine modifiers of missing type org.eclipse.pde.internal.ui.wizards.imports.PluginImportHelper
when weaving type org.eclipse.jdt.internal.launching.JREContainerInitializer
when weaving classes 
when weaving 
 [Xlint:cantFindType]
2016-11-28 17:36:00,255 ERROR [Worker-6] - System.err - [org.eclipse.jdt.debug] error can't determine modifiers of missing type org.eclipse.pde.internal.ui.wizards.imports.PluginImportHelper
when weaving type org.eclipse.jdt.debug.core.JDIDebugModel
when weaving classes 
when weaving 
 [Xlint:cantFindType]
2016-11-28 17:36:01,477 ERROR [Worker-6] - System.err - [org.eclipse.jdt.debug.ui] error can't determine modifiers of missing type org.eclipse.pde.internal.ui.wizards.imports.PluginImportHelper
when weaving type org.eclipse.jdt.internal.debug.ui.console.JavaConsoleTracker
when weaving classes 
when weaving 
 [Xlint:cantFindType]
2016-11-28 17:45:43,926  WARN [Worker-20] - ScalaProject - Project pruebaExperto has platform default sourceLevel.
2016-11-28 17:45:43,930  WARN [Worker-20] - ScalaProject - Project pruebaExperto runs on platform default installation.
2016-11-28 17:45:44,056  WARN [Worker-20] - ScalaProject - Project pruebaExperto has platform default sourceLevel.
2016-11-28 17:45:44,057  WARN [Worker-20] - ScalaProject - Project pruebaExperto runs on platform default installation.
2016-11-28 18:29:46,845  WARN [Worker-35] - ScalaProject - Project pruebaExperto has platform default sourceLevel.
2016-11-28 18:29:46,846  WARN [Worker-35] - ScalaProject - Project pruebaExperto runs on platform default installation.
2016-11-28 18:30:25,661 ERROR [Text Viewer Hover Presenter] - IScalaPresentationCompiler$ - Ignoring InterruptException
2016-11-28 18:30:25,662 ERROR [Text Viewer Hover Presenter] - IScalaPresentationCompiler$ - Ignoring InterruptException
2016-11-28 18:30:26,776  WARN [Worker-38] - ScalaProject - Project pruebaExperto has platform default sourceLevel.
2016-11-28 18:30:26,777  WARN [Worker-38] - ScalaProject - Project pruebaExperto runs on platform default installation.
2016-11-28 18:35:37,187 ERROR [main] - System.err - [org.eclipse.jdt.junit] error can't determine modifiers of missing type org.eclipse.pde.internal.ui.wizards.imports.PluginImportHelper
when weaving type org.eclipse.jdt.internal.junit.ui.JUnitQuickFixProcessor
when weaving classes 
when weaving 
 [Xlint:cantFindType]
2016-11-28 18:35:39,729 ERROR [Text Viewer Hover Presenter] - IScalaPresentationCompiler$ - Ignoring InterruptException
2016-11-28 18:35:39,885 ERROR [Text Viewer Hover Presenter] - IScalaPresentationCompiler$ - Ignoring InterruptException
2016-11-28 18:35:39,885 ERROR [Text Viewer Hover Presenter] - IScalaPresentationCompiler$ - Ignoring InterruptException
2016-11-28 18:35:39,885 ERROR [Text Viewer Hover Presenter] - IScalaPresentationCompiler$ - Ignoring InterruptException
2016-11-28 18:35:40,608 ERROR [Text Viewer Hover Presenter] - IScalaPresentationCompiler$ - Ignoring InterruptException
2016-11-28 18:35:40,609 ERROR [Text Viewer Hover Presenter] - IScalaPresentationCompiler$ - Ignoring InterruptException
2016-11-28 18:35:41,976  WARN [Worker-42] - ScalaProject - Project pruebaExperto has platform default sourceLevel.
2016-11-28 18:35:41,976  WARN [Worker-42] - ScalaProject - Project pruebaExperto runs on platform default installation.
2016-11-28 18:35:53,244  WARN [Worker-22] - ScalaProject - Project pruebaExperto has platform default sourceLevel.
2016-11-28 18:35:53,245  WARN [Worker-22] - ScalaProject - Project pruebaExperto runs on platform default installation.
2016-11-28 18:37:07,906  WARN [Worker-42] - ScalaProject - Project pruebaExperto has platform default sourceLevel.
2016-11-28 18:37:07,907  WARN [Worker-42] - ScalaProject - Project pruebaExperto runs on platform default installation.
2016-11-28 18:37:20,766  WARN [Worker-41] - ScalaProject - Project pruebaExperto has platform default sourceLevel.
2016-11-28 18:37:20,767  WARN [Worker-41] - ScalaProject - Project pruebaExperto runs on platform default installation.
2016-11-28 18:37:38,447  WARN [Worker-43] - ScalaProject - Project pruebaExperto has platform default sourceLevel.
2016-11-28 18:37:38,447  WARN [Worker-43] - ScalaProject - Project pruebaExperto runs on platform default installation.
2016-11-28 18:38:14,140  WARN [Worker-38] - ScalaProject - Project pruebaExperto has platform default sourceLevel.
2016-11-28 18:38:14,141  WARN [Worker-38] - ScalaProject - Project pruebaExperto runs on platform default installation.
2016-11-28 18:38:29,349  WARN [Worker-38] - ScalaProject - Project pruebaExperto has platform default sourceLevel.
2016-11-28 18:38:29,349  WARN [Worker-38] - ScalaProject - Project pruebaExperto runs on platform default installation.
2016-11-28 18:38:40,708  WARN [Worker-41] - ScalaProject - Project pruebaExperto has platform default sourceLevel.
2016-11-28 18:38:40,708  WARN [Worker-41] - ScalaProject - Project pruebaExperto runs on platform default installation.
2016-11-28 18:39:20,110  WARN [Worker-42] - ScalaProject - Project pruebaExperto has platform default sourceLevel.
2016-11-28 18:39:20,110  WARN [Worker-42] - ScalaProject - Project pruebaExperto runs on platform default installation.
2016-11-28 18:39:25,282  WARN [Worker-38] - ScalaProject - Project pruebaExperto has platform default sourceLevel.
2016-11-28 18:39:25,282  WARN [Worker-38] - ScalaProject - Project pruebaExperto runs on platform default installation.
2016-11-28 18:41:49,832  WARN [Worker-41] - ScalaProject - Project pruebaExperto has platform default sourceLevel.
2016-11-28 18:41:49,832  WARN [Worker-41] - ScalaProject - Project pruebaExperto runs on platform default installation.
2016-11-28 18:43:09,924  WARN [Worker-38] - ScalaProject - Project pruebaExperto has platform default sourceLevel.
2016-11-28 18:43:09,924  WARN [Worker-38] - ScalaProject - Project pruebaExperto runs on platform default installation.
2016-11-29 10:37:23,618  WARN [main] - ScalaProject - Project pruebaExperto has platform default sourceLevel.
2016-11-29 10:37:23,620  WARN [main] - ScalaProject - Project pruebaExperto runs on platform default installation.
2016-11-29 10:37:23,629  WARN [main] - ScalaProject - Project pruebaExperto has platform default sourceLevel.
2016-11-29 10:37:23,630  WARN [main] - ScalaProject - Project pruebaExperto runs on platform default installation.
2016-11-29 10:37:23,680 ERROR [main] - System.err - [org.eclipse.jdt.launching] error can't determine modifiers of missing type org.eclipse.pde.internal.ui.wizards.imports.PluginImportHelper
when weaving type org.eclipse.jdt.internal.launching.JREContainerInitializer
when weaving classes 
when weaving 
 [Xlint:cantFindType]
2016-11-29 10:38:02,602 ERROR [main] - System.err - [org.eclipse.jdt.debug.ui] error can't determine modifiers of missing type org.eclipse.pde.internal.ui.wizards.imports.PluginImportHelper
when weaving type org.eclipse.jdt.internal.debug.ui.actions.ToggleBreakpointAdapter
when weaving classes 
when weaving 
 [Xlint:cantFindType]
2016-11-29 10:38:02,785 ERROR [main] - System.err - [org.eclipse.jdt.debug] error can't determine modifiers of missing type org.eclipse.pde.internal.ui.wizards.imports.PluginImportHelper
when weaving type org.eclipse.jdt.debug.core.IJavaHotCodeReplaceListener
when weaving classes 
when weaving 
 [Xlint:cantFindType]
2016-11-29 10:38:10,392  WARN [Worker-9] - ScalaProject - Project pruebaExperto has platform default sourceLevel.
2016-11-29 10:38:10,396  WARN [Worker-9] - ScalaProject - Project pruebaExperto runs on platform default installation.
2016-11-29 10:38:10,494  WARN [Worker-9] - ScalaProject - Project pruebaExperto has platform default sourceLevel.
2016-11-29 10:38:10,494  WARN [Worker-9] - ScalaProject - Project pruebaExperto runs on platform default installation.
2016-11-29 10:39:13,369 ERROR [main] - System.err - [org.eclipse.jdt.junit] error can't determine modifiers of missing type org.eclipse.pde.internal.ui.wizards.imports.PluginImportHelper
when weaving type org.eclipse.jdt.internal.junit.ui.JUnitQuickFixProcessor
when weaving classes 
when weaving 
 [Xlint:cantFindType]
2016-11-29 10:39:16,627  WARN [org.scalaide.ui.internal.reconciliation.ScalaReconciler] - CustomSemanticAction - Timeout while waiting for `askLoadedTyped` during semantic highlighting.
2016-11-29 10:39:42,448  WARN [Worker-10] - ScalaProject - Project pruebaExperto has platform default sourceLevel.
2016-11-29 10:39:42,448  WARN [Worker-10] - ScalaProject - Project pruebaExperto runs on platform default installation.
2016-11-29 10:39:51,148  WARN [Worker-3] - ScalaProject - Project pruebaExperto has platform default sourceLevel.
2016-11-29 10:39:51,148  WARN [Worker-3] - ScalaProject - Project pruebaExperto runs on platform default installation.
2016-11-29 10:40:16,045  WARN [Worker-5] - ScalaProject - Project pruebaExperto has platform default sourceLevel.
2016-11-29 10:40:16,046  WARN [Worker-5] - ScalaProject - Project pruebaExperto runs on platform default installation.
2016-11-29 10:40:29,288  WARN [Worker-1] - ScalaProject - Project pruebaExperto has platform default sourceLevel.
2016-11-29 10:40:29,288  WARN [Worker-1] - ScalaProject - Project pruebaExperto runs on platform default installation.
2016-11-29 10:44:35,632  WARN [Worker-14] - ScalaProject - Project pruebaExperto has platform default sourceLevel.
2016-11-29 10:44:35,633  WARN [Worker-14] - ScalaProject - Project pruebaExperto runs on platform default installation.
2016-11-29 10:49:17,090  WARN [Worker-19] - ScalaProject - Project pruebaExperto has platform default sourceLevel.
2016-11-29 10:49:17,090  WARN [Worker-19] - ScalaProject - Project pruebaExperto runs on platform default installation.
2016-11-29 10:49:29,073  WARN [Worker-20] - ScalaProject - Project pruebaExperto has platform default sourceLevel.
2016-11-29 10:49:29,073  WARN [Worker-20] - ScalaProject - Project pruebaExperto runs on platform default installation.
2016-11-29 11:17:25,352 ERROR [main] - System.err - [org.eclipse.debug.core] error can't determine modifiers of missing type org.eclipse.pde.internal.ui.wizards.imports.PluginImportHelper
when weaving type org.eclipse.debug.core.ILaunchListener
when weaving classes 
when weaving 
 [Xlint:cantFindType]
2016-11-29 11:17:26,862  WARN [main] - ScalaProject - Project pruebaExperto has platform default sourceLevel.
2016-11-29 11:17:26,881  WARN [main] - ScalaProject - Project pruebaExperto runs on platform default installation.
2016-11-29 11:17:26,917  WARN [main] - ScalaProject - Project pruebaExperto has platform default sourceLevel.
2016-11-29 11:17:26,917  WARN [main] - ScalaProject - Project pruebaExperto runs on platform default installation.
2016-11-29 11:17:27,040 ERROR [main] - System.err - [org.eclipse.jdt.launching] error can't determine modifiers of missing type org.eclipse.pde.internal.ui.wizards.imports.PluginImportHelper
when weaving type org.eclipse.jdt.internal.launching.JREContainerInitializer
when weaving classes 
when weaving 
 [Xlint:cantFindType]
2016-11-29 11:17:37,196 ERROR [main] - System.err - [org.eclipse.jdt.debug.ui] error can't determine modifiers of missing type org.eclipse.pde.internal.ui.wizards.imports.PluginImportHelper
when weaving type org.eclipse.jdt.internal.debug.ui.actions.ToggleBreakpointAdapter
when weaving classes 
when weaving 
 [Xlint:cantFindType]
2016-11-29 11:17:37,309 ERROR [main] - System.err - [org.eclipse.jdt.debug] error can't determine modifiers of missing type org.eclipse.pde.internal.ui.wizards.imports.PluginImportHelper
when weaving type org.eclipse.jdt.debug.core.IJavaHotCodeReplaceListener
when weaving classes 
when weaving 
 [Xlint:cantFindType]
2016-11-29 17:25:57,079 ERROR [main] - System.err - [org.eclipse.debug.core] error can't determine modifiers of missing type org.eclipse.pde.internal.ui.wizards.imports.PluginImportHelper
when weaving type org.eclipse.debug.core.ILaunchListener
when weaving classes 
when weaving 
 [Xlint:cantFindType]
2016-11-29 17:25:58,159  WARN [main] - ScalaProject - Project pruebaExperto has platform default sourceLevel.
2016-11-29 17:25:58,161  WARN [main] - ScalaProject - Project pruebaExperto runs on platform default installation.
2016-11-29 17:25:58,171  WARN [main] - ScalaProject - Project pruebaExperto has platform default sourceLevel.
2016-11-29 17:25:58,172  WARN [main] - ScalaProject - Project pruebaExperto runs on platform default installation.
2016-11-29 17:25:58,243 ERROR [main] - System.err - [org.eclipse.jdt.launching] error can't determine modifiers of missing type org.eclipse.pde.internal.ui.wizards.imports.PluginImportHelper
when weaving type org.eclipse.jdt.internal.launching.JREContainerInitializer
when weaving classes 
when weaving 
 [Xlint:cantFindType]
2016-11-29 17:26:08,560 ERROR [main] - System.err - [org.eclipse.jdt.debug.ui] error can't determine modifiers of missing type org.eclipse.pde.internal.ui.wizards.imports.PluginImportHelper
when weaving type org.eclipse.jdt.internal.debug.ui.actions.ToggleBreakpointAdapter
when weaving classes 
when weaving 
 [Xlint:cantFindType]
2016-11-29 17:26:08,710 ERROR [main] - System.err - [org.eclipse.jdt.debug] error can't determine modifiers of missing type org.eclipse.pde.internal.ui.wizards.imports.PluginImportHelper
when weaving type org.eclipse.jdt.debug.core.IJavaHotCodeReplaceListener
when weaving classes 
when weaving 
 [Xlint:cantFindType]
2016-11-29 17:40:53,108  WARN [Worker-22] - ScalaProject - Project pruebaExperto has platform default sourceLevel.
2016-11-29 17:40:53,115  WARN [Worker-22] - ScalaProject - Project pruebaExperto runs on platform default installation.
2016-11-29 17:40:53,220  WARN [Worker-22] - ScalaProject - Project pruebaExperto has platform default sourceLevel.
2016-11-29 17:40:53,220  WARN [Worker-22] - ScalaProject - Project pruebaExperto runs on platform default installation.
2016-11-30 11:08:34,945  WARN [main] - ScalaProject - Project pruebaExperto has platform default sourceLevel.
2016-11-30 11:08:34,948  WARN [main] - ScalaProject - Project pruebaExperto runs on platform default installation.
2016-11-30 11:08:34,957  WARN [main] - ScalaProject - Project pruebaExperto has platform default sourceLevel.
2016-11-30 11:08:34,959  WARN [main] - ScalaProject - Project pruebaExperto runs on platform default installation.
2016-11-30 11:08:35,036 ERROR [main] - System.err - [org.eclipse.jdt.launching] error can't determine modifiers of missing type org.eclipse.pde.internal.ui.wizards.imports.PluginImportHelper
when weaving type org.eclipse.jdt.internal.launching.JREContainerInitializer
when weaving classes 
when weaving 
 [Xlint:cantFindType]
2016-11-30 11:08:41,607 ERROR [main] - System.err - [org.eclipse.jdt.debug.ui] error can't determine modifiers of missing type org.eclipse.pde.internal.ui.wizards.imports.PluginImportHelper
when weaving type org.eclipse.jdt.internal.debug.ui.actions.ToggleBreakpointAdapter
when weaving classes 
when weaving 
 [Xlint:cantFindType]
2016-11-30 11:08:41,756 ERROR [main] - System.err - [org.eclipse.jdt.debug] error can't determine modifiers of missing type org.eclipse.pde.internal.ui.wizards.imports.PluginImportHelper
when weaving type org.eclipse.jdt.debug.core.IJavaHotCodeReplaceListener
when weaving classes 
when weaving 
 [Xlint:cantFindType]
2016-11-30 11:09:46,637  WARN [Worker-0] - ScalaProject - Project pruebaExperto has platform default sourceLevel.
2016-11-30 11:09:46,649  WARN [Worker-0] - ScalaProject - Project pruebaExperto runs on platform default installation.
2016-11-30 11:09:46,726  WARN [Worker-0] - ScalaProject - Project pruebaExperto has platform default sourceLevel.
2016-11-30 11:09:46,726  WARN [Worker-0] - ScalaProject - Project pruebaExperto runs on platform default installation.
2016-11-30 11:43:24,780  WARN [Worker-1] - ScalaProject - Project pruebaExperto has platform default sourceLevel.
2016-11-30 11:43:24,781  WARN [Worker-1] - ScalaProject - Project pruebaExperto runs on platform default installation.
2016-11-30 16:18:42,906 ERROR [main] - System.err - [org.eclipse.debug.core] error can't determine modifiers of missing type org.eclipse.pde.internal.ui.wizards.imports.PluginImportHelper
when weaving type org.eclipse.debug.core.ILaunchListener
when weaving classes 
when weaving 
 [Xlint:cantFindType]
2016-11-30 16:18:44,567  WARN [main] - ScalaProject - Project pruebaExperto has platform default sourceLevel.
2016-11-30 16:18:44,568  WARN [main] - ScalaProject - Project pruebaExperto runs on platform default installation.
2016-11-30 16:18:44,582  WARN [main] - ScalaProject - Project pruebaExperto has platform default sourceLevel.
2016-11-30 16:18:44,583  WARN [main] - ScalaProject - Project pruebaExperto runs on platform default installation.
2016-11-30 16:18:44,653 ERROR [main] - System.err - [org.eclipse.jdt.launching] error can't determine modifiers of missing type org.eclipse.pde.internal.ui.wizards.imports.PluginImportHelper
when weaving type org.eclipse.jdt.internal.launching.JREContainerInitializer
when weaving classes 
when weaving 
 [Xlint:cantFindType]
2016-11-30 16:18:58,100 ERROR [main] - System.err - [org.eclipse.jdt.debug.ui] error can't determine modifiers of missing type org.eclipse.pde.internal.ui.wizards.imports.PluginImportHelper
when weaving type org.eclipse.jdt.internal.debug.ui.actions.ToggleBreakpointAdapter
when weaving classes 
when weaving 
 [Xlint:cantFindType]
2016-11-30 16:18:58,331 ERROR [main] - System.err - [org.eclipse.jdt.debug] error can't determine modifiers of missing type org.eclipse.pde.internal.ui.wizards.imports.PluginImportHelper
when weaving type org.eclipse.jdt.debug.core.IJavaHotCodeReplaceListener
when weaving classes 
when weaving 
 [Xlint:cantFindType]
2016-11-30 16:21:22,305  WARN [Worker-2] - ScalaProject - Project pruebaExperto has platform default sourceLevel.
2016-11-30 16:21:22,318  WARN [Worker-2] - ScalaProject - Project pruebaExperto runs on platform default installation.
2016-11-30 16:21:22,450  WARN [Worker-2] - ScalaProject - Project pruebaExperto has platform default sourceLevel.
2016-11-30 16:21:22,451  WARN [Worker-2] - ScalaProject - Project pruebaExperto runs on platform default installation.
2016-11-30 20:48:39,105  WARN [main] - ScalaProject - Project pruebaExperto has platform default sourceLevel.
2016-11-30 20:48:39,106  WARN [main] - ScalaProject - Project pruebaExperto runs on platform default installation.
2016-11-30 20:48:39,114  WARN [main] - ScalaProject - Project pruebaExperto has platform default sourceLevel.
2016-11-30 20:48:39,115  WARN [main] - ScalaProject - Project pruebaExperto runs on platform default installation.
2016-11-30 20:48:39,198 ERROR [main] - System.err - [org.eclipse.jdt.launching] error can't determine modifiers of missing type org.eclipse.pde.internal.ui.wizards.imports.PluginImportHelper
when weaving type org.eclipse.jdt.internal.launching.JREContainerInitializer
when weaving classes 
when weaving 
 [Xlint:cantFindType]
2016-11-30 20:48:47,449 ERROR [main] - System.err - [org.eclipse.jdt.debug.ui] error can't determine modifiers of missing type org.eclipse.pde.internal.ui.wizards.imports.PluginImportHelper
when weaving type org.eclipse.jdt.internal.debug.ui.actions.ToggleBreakpointAdapter
when weaving classes 
when weaving 
 [Xlint:cantFindType]
2016-11-30 20:48:47,531 ERROR [main] - System.err - [org.eclipse.jdt.debug] error can't determine modifiers of missing type org.eclipse.pde.internal.ui.wizards.imports.PluginImportHelper
when weaving type org.eclipse.jdt.debug.core.IJavaHotCodeReplaceListener
when weaving classes 
when weaving 
 [Xlint:cantFindType]
2016-11-30 20:48:57,061  WARN [Worker-7] - ScalaProject - Project pruebaExperto has platform default sourceLevel.
2016-11-30 20:48:57,062  WARN [Worker-7] - ScalaProject - Project pruebaExperto runs on platform default installation.
2016-11-30 20:48:57,118  WARN [Worker-7] - ScalaProject - Project pruebaExperto has platform default sourceLevel.
2016-11-30 20:48:57,118  WARN [Worker-7] - ScalaProject - Project pruebaExperto runs on platform default installation.
2016-11-30 21:31:40,650  WARN [main] - ScalaProject - Project pruebaExperto has platform default sourceLevel.
2016-11-30 21:31:40,651  WARN [main] - ScalaProject - Project pruebaExperto runs on platform default installation.
2016-11-30 21:31:40,657  WARN [main] - ScalaProject - Project pruebaExperto has platform default sourceLevel.
2016-11-30 21:31:40,657  WARN [main] - ScalaProject - Project pruebaExperto runs on platform default installation.
2016-11-30 21:31:40,705 ERROR [main] - System.err - [org.eclipse.jdt.launching] error can't determine modifiers of missing type org.eclipse.pde.internal.ui.wizards.imports.PluginImportHelper
when weaving type org.eclipse.jdt.internal.launching.JREContainerInitializer
when weaving classes 
when weaving 
 [Xlint:cantFindType]
2016-11-30 21:32:13,699 ERROR [Worker-10] - System.err - [org.eclipse.jdt.debug] error can't determine modifiers of missing type org.eclipse.pde.internal.ui.wizards.imports.PluginImportHelper
when weaving type org.eclipse.jdt.debug.core.JDIDebugModel
when weaving classes 
when weaving 
 [Xlint:cantFindType]
2016-11-30 21:32:14,313 ERROR [Worker-10] - System.err - [org.eclipse.jdt.debug.ui] error can't determine modifiers of missing type org.eclipse.pde.internal.ui.wizards.imports.PluginImportHelper
when weaving type org.eclipse.jdt.internal.debug.ui.console.JavaConsoleTracker
when weaving classes 
when weaving 
 [Xlint:cantFindType]
2016-11-30 21:44:24,307 ERROR [Text Viewer Hover Presenter] - IScalaPresentationCompiler$ - Ignoring InterruptException
2016-11-30 21:44:24,308 ERROR [Text Viewer Hover Presenter] - IScalaPresentationCompiler$ - Ignoring InterruptException
2016-11-30 21:44:24,308 ERROR [Text Viewer Hover Presenter] - IScalaPresentationCompiler$ - Ignoring InterruptException
2016-11-30 21:44:24,308 ERROR [Text Viewer Hover Presenter] - IScalaPresentationCompiler$ - Ignoring InterruptException
2016-11-30 21:44:24,309 ERROR [Text Viewer Hover Presenter] - IScalaPresentationCompiler$ - Ignoring InterruptException
2016-11-30 21:44:24,309 ERROR [Text Viewer Hover Presenter] - IScalaPresentationCompiler$ - Ignoring InterruptException
2016-11-30 21:44:24,309 ERROR [Text Viewer Hover Presenter] - IScalaPresentationCompiler$ - Ignoring InterruptException
2016-11-30 21:44:24,309 ERROR [Text Viewer Hover Presenter] - IScalaPresentationCompiler$ - Ignoring InterruptException
2016-11-30 21:44:24,309 ERROR [Text Viewer Hover Presenter] - IScalaPresentationCompiler$ - Ignoring InterruptException
2016-11-30 21:44:24,309 ERROR [Text Viewer Hover Presenter] - IScalaPresentationCompiler$ - Ignoring InterruptException
2016-11-30 21:44:24,309 ERROR [Text Viewer Hover Presenter] - IScalaPresentationCompiler$ - Ignoring InterruptException
2016-11-30 21:44:24,309 ERROR [Text Viewer Hover Presenter] - IScalaPresentationCompiler$ - Ignoring InterruptException
2016-11-30 21:44:24,310 ERROR [Text Viewer Hover Presenter] - IScalaPresentationCompiler$ - Ignoring InterruptException
2016-11-30 21:44:24,310 ERROR [Text Viewer Hover Presenter] - IScalaPresentationCompiler$ - Ignoring InterruptException
2016-11-30 21:44:24,310 ERROR [Text Viewer Hover Presenter] - IScalaPresentationCompiler$ - Ignoring InterruptException
2016-11-30 21:44:24,310 ERROR [Text Viewer Hover Presenter] - IScalaPresentationCompiler$ - Ignoring InterruptException
2016-11-30 21:44:24,310 ERROR [Text Viewer Hover Presenter] - IScalaPresentationCompiler$ - Ignoring InterruptException
2016-11-30 21:44:24,310 ERROR [Text Viewer Hover Presenter] - IScalaPresentationCompiler$ - Ignoring InterruptException
2016-11-30 21:44:24,310 ERROR [Text Viewer Hover Presenter] - IScalaPresentationCompiler$ - Ignoring InterruptException
2016-11-30 21:44:24,310 ERROR [Text Viewer Hover Presenter] - IScalaPresentationCompiler$ - Ignoring InterruptException
2016-11-30 21:44:24,310 ERROR [Text Viewer Hover Presenter] - IScalaPresentationCompiler$ - Ignoring InterruptException
2016-11-30 21:44:24,311 ERROR [Text Viewer Hover Presenter] - IScalaPresentationCompiler$ - Ignoring InterruptException
2016-11-30 21:44:24,311 ERROR [Text Viewer Hover Presenter] - IScalaPresentationCompiler$ - Ignoring InterruptException
2016-11-30 21:44:24,311 ERROR [Text Viewer Hover Presenter] - IScalaPresentationCompiler$ - Ignoring InterruptException
2016-11-30 21:44:24,311 ERROR [Text Viewer Hover Presenter] - IScalaPresentationCompiler$ - Ignoring InterruptException
2016-11-30 21:44:24,311 ERROR [Text Viewer Hover Presenter] - IScalaPresentationCompiler$ - Ignoring InterruptException
2016-11-30 21:44:24,311 ERROR [Text Viewer Hover Presenter] - IScalaPresentationCompiler$ - Ignoring InterruptException
2016-11-30 21:44:24,311 ERROR [Text Viewer Hover Presenter] - IScalaPresentationCompiler$ - Ignoring InterruptException
2016-11-30 21:44:24,311 ERROR [Text Viewer Hover Presenter] - IScalaPresentationCompiler$ - Ignoring InterruptException
2016-11-30 21:44:24,312 ERROR [Text Viewer Hover Presenter] - IScalaPresentationCompiler$ - Ignoring InterruptException
2016-11-30 21:44:24,312 ERROR [Text Viewer Hover Presenter] - IScalaPresentationCompiler$ - Ignoring InterruptException
2016-11-30 21:44:24,312 ERROR [Text Viewer Hover Presenter] - IScalaPresentationCompiler$ - Ignoring InterruptException
2016-11-30 21:44:24,312 ERROR [Text Viewer Hover Presenter] - IScalaPresentationCompiler$ - Ignoring InterruptException
2016-11-30 21:44:24,312 ERROR [Text Viewer Hover Presenter] - IScalaPresentationCompiler$ - Ignoring InterruptException
2016-11-30 21:44:24,312 ERROR [Text Viewer Hover Presenter] - IScalaPresentationCompiler$ - Ignoring InterruptException
2016-11-30 21:44:24,312 ERROR [Text Viewer Hover Presenter] - IScalaPresentationCompiler$ - Ignoring InterruptException
2016-11-30 21:44:24,312 ERROR [Text Viewer Hover Presenter] - IScalaPresentationCompiler$ - Ignoring InterruptException
2016-11-30 21:44:24,312 ERROR [Text Viewer Hover Presenter] - IScalaPresentationCompiler$ - Ignoring InterruptException
2016-11-30 21:44:24,312 ERROR [Text Viewer Hover Presenter] - IScalaPresentationCompiler$ - Ignoring InterruptException
2016-11-30 21:44:24,313 ERROR [Text Viewer Hover Presenter] - IScalaPresentationCompiler$ - Ignoring InterruptException
2016-11-30 21:44:24,313 ERROR [Text Viewer Hover Presenter] - IScalaPresentationCompiler$ - Ignoring InterruptException
2016-11-30 21:44:24,313 ERROR [Text Viewer Hover Presenter] - IScalaPresentationCompiler$ - Ignoring InterruptException
2016-11-30 21:44:24,313 ERROR [Text Viewer Hover Presenter] - IScalaPresentationCompiler$ - Ignoring InterruptException
2016-11-30 21:44:24,313 ERROR [Text Viewer Hover Presenter] - IScalaPresentationCompiler$ - Ignoring InterruptException
2016-11-30 21:44:24,313 ERROR [Text Viewer Hover Presenter] - IScalaPresentationCompiler$ - Ignoring InterruptException
2016-11-30 21:44:24,313 ERROR [Text Viewer Hover Presenter] - IScalaPresentationCompiler$ - Ignoring InterruptException
2016-11-30 21:44:24,313 ERROR [Text Viewer Hover Presenter] - IScalaPresentationCompiler$ - Ignoring InterruptException
2016-11-30 21:44:24,313 ERROR [Text Viewer Hover Presenter] - IScalaPresentationCompiler$ - Ignoring InterruptException
2016-11-30 21:44:24,314 ERROR [Text Viewer Hover Presenter] - IScalaPresentationCompiler$ - Ignoring InterruptException
2016-11-30 21:44:24,314 ERROR [Text Viewer Hover Presenter] - IScalaPresentationCompiler$ - Ignoring InterruptException
2016-11-30 21:44:24,314 ERROR [Text Viewer Hover Presenter] - IScalaPresentationCompiler$ - Ignoring InterruptException
2016-11-30 21:44:24,314 ERROR [Text Viewer Hover Presenter] - IScalaPresentationCompiler$ - Ignoring InterruptException
2016-11-30 21:44:24,314 ERROR [Text Viewer Hover Presenter] - IScalaPresentationCompiler$ - Ignoring InterruptException
2016-11-30 21:44:24,314 ERROR [Text Viewer Hover Presenter] - IScalaPresentationCompiler$ - Ignoring InterruptException
2016-11-30 21:44:24,314 ERROR [Text Viewer Hover Presenter] - IScalaPresentationCompiler$ - Ignoring InterruptException
2016-11-30 21:44:24,315 ERROR [Text Viewer Hover Presenter] - IScalaPresentationCompiler$ - Ignoring InterruptException
2016-11-30 21:44:24,315 ERROR [Text Viewer Hover Presenter] - IScalaPresentationCompiler$ - Ignoring InterruptException
2016-11-30 21:44:24,315 ERROR [Text Viewer Hover Presenter] - IScalaPresentationCompiler$ - Ignoring InterruptException
2016-11-30 21:44:24,315 ERROR [Text Viewer Hover Presenter] - IScalaPresentationCompiler$ - Ignoring InterruptException
2016-11-30 21:44:24,315 ERROR [Text Viewer Hover Presenter] - IScalaPresentationCompiler$ - Ignoring InterruptException
2016-11-30 21:44:24,315 ERROR [Text Viewer Hover Presenter] - IScalaPresentationCompiler$ - Ignoring InterruptException
2016-11-30 21:44:24,315 ERROR [Text Viewer Hover Presenter] - IScalaPresentationCompiler$ - Ignoring InterruptException
2016-11-30 21:44:24,315 ERROR [Text Viewer Hover Presenter] - IScalaPresentationCompiler$ - Ignoring InterruptException
2016-11-30 21:44:24,315 ERROR [Text Viewer Hover Presenter] - IScalaPresentationCompiler$ - Ignoring InterruptException
2016-11-30 21:44:24,316 ERROR [Text Viewer Hover Presenter] - IScalaPresentationCompiler$ - Ignoring InterruptException
2016-11-30 21:44:24,316 ERROR [Text Viewer Hover Presenter] - IScalaPresentationCompiler$ - Ignoring InterruptException
2016-11-30 21:44:24,316 ERROR [Text Viewer Hover Presenter] - IScalaPresentationCompiler$ - Ignoring InterruptException
2016-11-30 21:44:24,316 ERROR [Text Viewer Hover Presenter] - IScalaPresentationCompiler$ - Ignoring InterruptException
2016-11-30 21:44:24,316 ERROR [Text Viewer Hover Presenter] - IScalaPresentationCompiler$ - Ignoring InterruptException
2016-11-30 21:44:24,318 ERROR [Text Viewer Hover Presenter] - IScalaPresentationCompiler$ - Ignoring InterruptException
2016-11-30 21:44:24,322 ERROR [Text Viewer Hover Presenter] - IScalaPresentationCompiler$ - Ignoring InterruptException
2016-11-30 21:45:08,571 ERROR [main] - System.err - [org.eclipse.jdt.junit] error can't determine modifiers of missing type org.eclipse.pde.internal.ui.wizards.imports.PluginImportHelper
when weaving type org.eclipse.jdt.internal.junit.ui.JUnitQuickFixProcessor
when weaving classes 
when weaving 
 [Xlint:cantFindType]
2016-11-30 21:45:09,643  WARN [org.scalaide.ui.internal.reconciliation.ScalaReconciler] - TraverserImpl$ - Skipping annotation, position length = 0, position offset = 1403
2016-11-30 21:45:13,316  WARN [org.scalaide.ui.internal.reconciliation.ScalaReconciler] - TraverserImpl$ - Skipping annotation, position length = 0, position offset = 1407
2016-11-30 21:45:13,317  WARN [org.scalaide.ui.internal.reconciliation.ScalaReconciler] - TraverserImpl$ - Skipping annotation, position length = 0, position offset = 1407
2016-11-30 21:45:15,361  WARN [org.scalaide.ui.internal.reconciliation.ScalaReconciler] - TraverserImpl$ - Skipping annotation, position length = 0, position offset = 1045
2016-11-30 21:45:41,581  WARN [Worker-6] - ScalaProject - Project pruebaExperto has platform default sourceLevel.
2016-11-30 21:45:41,582  WARN [Worker-6] - ScalaProject - Project pruebaExperto runs on platform default installation.
2016-11-30 21:45:41,658  WARN [Worker-6] - ScalaProject - Project pruebaExperto has platform default sourceLevel.
2016-11-30 21:45:41,659  WARN [Worker-6] - ScalaProject - Project pruebaExperto runs on platform default installation.
2016-11-30 21:45:53,757  WARN [Worker-22] - ScalaProject - Project pruebaExperto has platform default sourceLevel.
2016-11-30 21:45:53,758  WARN [Worker-22] - ScalaProject - Project pruebaExperto runs on platform default installation.
2016-11-30 21:46:09,344  WARN [org.scalaide.ui.internal.reconciliation.ScalaReconciler] - CallByNameParamAtCreationPresenter - Timeout while waiting for `askLoadedTyped` during semantic highlighting.
2016-11-30 21:46:33,831  WARN [Worker-8] - ScalaProject - Project pruebaExperto has platform default sourceLevel.
2016-11-30 21:46:33,831  WARN [Worker-8] - ScalaProject - Project pruebaExperto runs on platform default installation.
2016-11-30 21:47:10,180 ERROR [Text Viewer Hover Presenter] - IScalaPresentationCompiler$ - Ignoring InterruptException
2016-11-30 21:47:10,185 ERROR [Text Viewer Hover Presenter] - IScalaPresentationCompiler$ - Ignoring InterruptException
2016-11-30 21:47:10,186 ERROR [Text Viewer Hover Presenter] - IScalaPresentationCompiler$ - Ignoring InterruptException
2016-11-30 21:47:17,408  WARN [Worker-8] - ScalaProject - Project pruebaExperto has platform default sourceLevel.
2016-11-30 21:47:17,409  WARN [Worker-8] - ScalaProject - Project pruebaExperto runs on platform default installation.
2016-11-30 21:47:27,288  WARN [Worker-21] - ScalaProject - Project pruebaExperto has platform default sourceLevel.
2016-11-30 21:47:27,288  WARN [Worker-21] - ScalaProject - Project pruebaExperto runs on platform default installation.
2016-11-30 21:48:34,368  WARN [Worker-23] - ScalaProject - Project pruebaExperto has platform default sourceLevel.
2016-11-30 21:48:34,369  WARN [Worker-23] - ScalaProject - Project pruebaExperto runs on platform default installation.
2016-11-30 21:49:10,865  WARN [Worker-24] - ScalaProject - Project pruebaExperto has platform default sourceLevel.
2016-11-30 21:49:10,866  WARN [Worker-24] - ScalaProject - Project pruebaExperto runs on platform default installation.
2016-11-30 21:49:53,710  WARN [Worker-23] - ScalaProject - Project pruebaExperto has platform default sourceLevel.
2016-11-30 21:49:53,710  WARN [Worker-23] - ScalaProject - Project pruebaExperto runs on platform default installation.
2016-11-30 21:50:52,942  WARN [Worker-8] - ScalaProject - Project pruebaExperto has platform default sourceLevel.
2016-11-30 21:50:52,942  WARN [Worker-8] - ScalaProject - Project pruebaExperto runs on platform default installation.
2016-11-30 21:51:12,093  WARN [Worker-23] - ScalaProject - Project pruebaExperto has platform default sourceLevel.
2016-11-30 21:51:12,094  WARN [Worker-23] - ScalaProject - Project pruebaExperto runs on platform default installation.
2016-11-30 21:55:39,618  WARN [Worker-23] - ScalaProject - Project pruebaExperto has platform default sourceLevel.
2016-11-30 21:55:39,618  WARN [Worker-23] - ScalaProject - Project pruebaExperto runs on platform default installation.
2016-11-30 21:55:48,207  WARN [Worker-6] - ScalaProject - Project pruebaExperto has platform default sourceLevel.
2016-11-30 21:55:48,207  WARN [Worker-6] - ScalaProject - Project pruebaExperto runs on platform default installation.
2016-11-30 21:58:49,032  WARN [Worker-8] - ScalaProject - Project pruebaExperto has platform default sourceLevel.
2016-11-30 21:58:49,032  WARN [Worker-8] - ScalaProject - Project pruebaExperto runs on platform default installation.
2016-11-30 22:00:10,513  WARN [Worker-6] - ScalaProject - Project pruebaExperto has platform default sourceLevel.
2016-11-30 22:00:10,514  WARN [Worker-6] - ScalaProject - Project pruebaExperto runs on platform default installation.
2016-11-30 22:01:54,158  WARN [org.scalaide.ui.internal.reconciliation.ScalaReconciler] - TraverserImpl$ - Skipping annotation, position length = 0, position offset = 1334
2016-11-30 22:01:57,182  WARN [org.scalaide.ui.internal.reconciliation.ScalaReconciler] - TraverserImpl$ - Skipping annotation, position length = 0, position offset = 1400
2016-11-30 22:02:00,823  WARN [org.scalaide.ui.internal.reconciliation.ScalaReconciler] - TraverserImpl$ - Skipping annotation, position length = 0, position offset = 1401
2016-11-30 22:02:08,111  WARN [org.scalaide.ui.internal.reconciliation.ScalaReconciler] - TraverserImpl$ - Skipping annotation, position length = 0, position offset = 1403
2016-11-30 22:02:09,719  WARN [org.scalaide.ui.internal.reconciliation.ScalaReconciler] - TraverserImpl$ - Skipping annotation, position length = 0, position offset = 1407
2016-11-30 22:02:11,878  WARN [org.scalaide.ui.internal.reconciliation.ScalaReconciler] - TraverserImpl$ - Skipping annotation, position length = 0, position offset = 1405
2016-11-30 22:02:14,549  WARN [org.scalaide.ui.internal.reconciliation.ScalaReconciler] - TraverserImpl$ - Skipping annotation, position length = 0, position offset = 1411
2016-11-30 22:02:17,201  WARN [Worker-0] - ScalaProject - Project pruebaExperto has platform default sourceLevel.
2016-11-30 22:02:17,201  WARN [Worker-0] - ScalaProject - Project pruebaExperto runs on platform default installation.
2016-11-30 22:02:17,215  WARN [org.scalaide.ui.internal.reconciliation.ScalaReconciler] - TraverserImpl$ - Skipping annotation, position length = 0, position offset = 1418
2016-11-30 22:02:34,437  WARN [Worker-6] - ScalaProject - Project pruebaExperto has platform default sourceLevel.
2016-11-30 22:02:34,437  WARN [Worker-6] - ScalaProject - Project pruebaExperto runs on platform default installation.
2016-11-30 22:02:41,789  WARN [Worker-21] - ScalaProject - Project pruebaExperto has platform default sourceLevel.
2016-11-30 22:02:41,789  WARN [Worker-21] - ScalaProject - Project pruebaExperto runs on platform default installation.
2016-11-30 22:03:02,435  WARN [Worker-6] - ScalaProject - Project pruebaExperto has platform default sourceLevel.
2016-11-30 22:03:02,435  WARN [Worker-6] - ScalaProject - Project pruebaExperto runs on platform default installation.
2016-11-30 22:07:22,997  WARN [org.scalaide.ui.internal.reconciliation.ScalaReconciler] - TraverserImpl$ - Skipping annotation, position length = 0, position offset = 448
2016-11-30 22:07:35,857  WARN [Worker-8] - ScalaProject - Project pruebaExperto has platform default sourceLevel.
2016-11-30 22:07:35,858  WARN [Worker-8] - ScalaProject - Project pruebaExperto runs on platform default installation.
2016-11-30 22:07:56,089  WARN [Worker-0] - ScalaProject - Project pruebaExperto has platform default sourceLevel.
2016-11-30 22:07:56,090  WARN [Worker-0] - ScalaProject - Project pruebaExperto runs on platform default installation.
2016-11-30 22:10:37,384  WARN [main] - ScalaProject - Project pruebaExperto has platform default sourceLevel.
2016-11-30 22:10:37,386  WARN [main] - ScalaProject - Project pruebaExperto runs on platform default installation.
2016-11-30 22:10:37,393  WARN [main] - ScalaProject - Project pruebaExperto has platform default sourceLevel.
2016-11-30 22:10:37,394  WARN [main] - ScalaProject - Project pruebaExperto runs on platform default installation.
2016-11-30 22:10:37,437 ERROR [main] - System.err - [org.eclipse.jdt.launching] error can't determine modifiers of missing type org.eclipse.pde.internal.ui.wizards.imports.PluginImportHelper
when weaving type org.eclipse.jdt.internal.launching.JREContainerInitializer
when weaving classes 
when weaving 
 [Xlint:cantFindType]
2016-11-30 22:10:46,027 ERROR [main] - System.err - [org.eclipse.jdt.debug.ui] error can't determine modifiers of missing type org.eclipse.pde.internal.ui.wizards.imports.PluginImportHelper
when weaving type org.eclipse.jdt.internal.debug.ui.actions.ToggleBreakpointAdapter
when weaving classes 
when weaving 
 [Xlint:cantFindType]
2016-11-30 22:10:46,189 ERROR [main] - System.err - [org.eclipse.jdt.debug] error can't determine modifiers of missing type org.eclipse.pde.internal.ui.wizards.imports.PluginImportHelper
when weaving type org.eclipse.jdt.debug.core.IJavaHotCodeReplaceListener
when weaving classes 
when weaving 
 [Xlint:cantFindType]
2016-11-30 22:11:14,807  WARN [org.scalaide.ui.internal.reconciliation.ScalaReconciler] - ImplicitHighlightingPresenter - Timeout while waiting for `askLoadedTyped` during semantic highlighting.
2016-11-30 22:11:18,724 ERROR [main] - System.err - [org.eclipse.jdt.junit] error can't determine modifiers of missing type org.eclipse.pde.internal.ui.wizards.imports.PluginImportHelper
when weaving type org.eclipse.jdt.internal.junit.ui.JUnitQuickFixProcessor
when weaving classes 
when weaving 
 [Xlint:cantFindType]
2016-11-30 22:11:35,841  WARN [Worker-7] - ScalaProject - Project pruebaExperto has platform default sourceLevel.
2016-11-30 22:11:35,842  WARN [Worker-7] - ScalaProject - Project pruebaExperto runs on platform default installation.
2016-11-30 22:11:35,922  WARN [Worker-7] - ScalaProject - Project pruebaExperto has platform default sourceLevel.
2016-11-30 22:11:35,922  WARN [Worker-7] - ScalaProject - Project pruebaExperto runs on platform default installation.
2016-11-30 22:12:17,206  WARN [Worker-13] - ScalaProject - Project pruebaExperto has platform default sourceLevel.
2016-11-30 22:12:17,206  WARN [Worker-13] - ScalaProject - Project pruebaExperto runs on platform default installation.
2016-11-30 22:12:27,230  WARN [Worker-9] - ScalaProject - Project pruebaExperto has platform default sourceLevel.
2016-11-30 22:12:27,231  WARN [Worker-9] - ScalaProject - Project pruebaExperto runs on platform default installation.
2016-11-30 22:14:22,337  WARN [Worker-8] - ScalaProject - Project pruebaExperto has platform default sourceLevel.
2016-11-30 22:14:22,338  WARN [Worker-8] - ScalaProject - Project pruebaExperto runs on platform default installation.
2016-11-30 22:14:48,428  WARN [Worker-1] - ScalaProject - Project pruebaExperto has platform default sourceLevel.
2016-11-30 22:14:48,428  WARN [Worker-1] - ScalaProject - Project pruebaExperto runs on platform default installation.
2016-11-30 22:14:50,228 ERROR [Text Viewer Hover Presenter] - IScalaPresentationCompiler$ - Ignoring InterruptException
2016-11-30 22:14:50,228 ERROR [Text Viewer Hover Presenter] - IScalaPresentationCompiler$ - Ignoring InterruptException
2016-11-30 22:14:50,228 ERROR [Text Viewer Hover Presenter] - IScalaPresentationCompiler$ - Ignoring InterruptException
2016-11-30 22:18:41,244  WARN [Worker-5] - ScalaProject - Project pruebaExperto has platform default sourceLevel.
2016-11-30 22:18:41,245  WARN [Worker-5] - ScalaProject - Project pruebaExperto runs on platform default installation.
2016-11-30 22:20:46,510  WARN [Worker-15] - ScalaProject - Project pruebaExperto has platform default sourceLevel.
2016-11-30 22:20:46,510  WARN [Worker-15] - ScalaProject - Project pruebaExperto runs on platform default installation.
2016-11-30 22:20:50,041 ERROR [Text Viewer Hover Presenter] - IScalaPresentationCompiler$ - Ignoring InterruptException
2016-11-30 22:20:50,042 ERROR [Text Viewer Hover Presenter] - IScalaPresentationCompiler$ - Ignoring InterruptException
2016-11-30 22:20:50,042 ERROR [Text Viewer Hover Presenter] - IScalaPresentationCompiler$ - Ignoring InterruptException
2016-11-30 22:20:50,042 ERROR [Text Viewer Hover Presenter] - IScalaPresentationCompiler$ - Ignoring InterruptException
2016-11-30 22:20:50,042 ERROR [Text Viewer Hover Presenter] - IScalaPresentationCompiler$ - Ignoring InterruptException
2016-11-30 22:20:50,042 ERROR [Text Viewer Hover Presenter] - IScalaPresentationCompiler$ - Ignoring InterruptException
2016-11-30 22:20:50,043 ERROR [Text Viewer Hover Presenter] - IScalaPresentationCompiler$ - Ignoring InterruptException
2016-11-30 22:20:50,043 ERROR [Text Viewer Hover Presenter] - IScalaPresentationCompiler$ - Ignoring InterruptException
2016-11-30 22:20:50,043 ERROR [Text Viewer Hover Presenter] - IScalaPresentationCompiler$ - Ignoring InterruptException
2016-11-30 22:20:50,044 ERROR [Text Viewer Hover Presenter] - IScalaPresentationCompiler$ - Ignoring InterruptException
2016-11-30 22:20:59,632  WARN [Worker-16] - ScalaProject - Project pruebaExperto has platform default sourceLevel.
2016-11-30 22:20:59,632  WARN [Worker-16] - ScalaProject - Project pruebaExperto runs on platform default installation.
2016-12-02 08:55:31,566 ERROR [main] - System.err - [org.eclipse.debug.core] error can't determine modifiers of missing type org.eclipse.pde.internal.ui.wizards.imports.PluginImportHelper
when weaving type org.eclipse.debug.core.ILaunchListener
when weaving classes 
when weaving 
 [Xlint:cantFindType]
2016-12-02 08:55:32,846  WARN [main] - ScalaProject - Project pruebaExperto has platform default sourceLevel.
2016-12-02 08:55:32,847  WARN [main] - ScalaProject - Project pruebaExperto runs on platform default installation.
2016-12-02 08:55:32,855  WARN [main] - ScalaProject - Project pruebaExperto has platform default sourceLevel.
2016-12-02 08:55:32,856  WARN [main] - ScalaProject - Project pruebaExperto runs on platform default installation.
2016-12-02 08:55:32,907 ERROR [main] - System.err - [org.eclipse.jdt.launching] error can't determine modifiers of missing type org.eclipse.pde.internal.ui.wizards.imports.PluginImportHelper
when weaving type org.eclipse.jdt.internal.launching.JREContainerInitializer
when weaving classes 
when weaving 
 [Xlint:cantFindType]
2016-12-02 08:55:48,672 ERROR [main] - System.err - [org.eclipse.jdt.debug.ui] error can't determine modifiers of missing type org.eclipse.pde.internal.ui.wizards.imports.PluginImportHelper
when weaving type org.eclipse.jdt.internal.debug.ui.actions.ToggleBreakpointAdapter
when weaving classes 
when weaving 
 [Xlint:cantFindType]
2016-12-02 08:55:49,017 ERROR [main] - System.err - [org.eclipse.jdt.debug] error can't determine modifiers of missing type org.eclipse.pde.internal.ui.wizards.imports.PluginImportHelper
when weaving type org.eclipse.jdt.debug.core.IJavaHotCodeReplaceListener
when weaving classes 
when weaving 
 [Xlint:cantFindType]
2016-12-02 08:56:22,608 ERROR [main] - System.err - [org.eclipse.jdt.junit] error can't determine modifiers of missing type org.eclipse.pde.internal.ui.wizards.imports.PluginImportHelper
when weaving type org.eclipse.jdt.internal.junit.ui.JUnitQuickFixProcessor
when weaving classes 
when weaving 
 [Xlint:cantFindType]
2016-12-02 08:56:37,283  WARN [Worker-12] - ScalaProject - Project pruebaExperto has platform default sourceLevel.
2016-12-02 08:56:37,285  WARN [Worker-12] - ScalaProject - Project pruebaExperto runs on platform default installation.
2016-12-02 08:56:37,358  WARN [Worker-12] - ScalaProject - Project pruebaExperto has platform default sourceLevel.
2016-12-02 08:56:37,359  WARN [Worker-12] - ScalaProject - Project pruebaExperto runs on platform default installation.
2016-12-02 08:57:17,828  WARN [Worker-11] - ScalaProject - Project pruebaExperto has platform default sourceLevel.
2016-12-02 08:57:17,829  WARN [Worker-11] - ScalaProject - Project pruebaExperto runs on platform default installation.
2016-12-02 08:57:57,154  WARN [Worker-13] - ScalaProject - Project pruebaExperto has platform default sourceLevel.
2016-12-02 08:57:57,154  WARN [Worker-13] - ScalaProject - Project pruebaExperto runs on platform default installation.
2016-12-02 09:42:08,344  WARN [Worker-18] - ScalaProject - Project pruebaExperto has platform default sourceLevel.
2016-12-02 09:42:08,346  WARN [Worker-18] - ScalaProject - Project pruebaExperto runs on platform default installation.
